[0.008s] Invoking command in '/home/nour/robotics_ws/build/robotics_project': CMAKE_PREFIX_PATH=${CMAKE_PREFIX_PATH}:/opt/ros/jazzy /usr/bin/cmake /home/nour/robotics_ws/src/robotics_project -DCMAKE_INSTALL_PREFIX=/home/nour/robotics_ws/install/robotics_project
[0.016s] -- Found ament_cmake: 2.5.6 (/opt/ros/jazzy/share/ament_cmake/cmake)
[0.143s] -- Override CMake install command with custom implementation using symlinks instead of copying resources
[0.148s] -- Found ament_lint_auto: 0.17.5 (/opt/ros/jazzy/share/ament_lint_auto/cmake)
[0.208s] -- Added test 'flake8' to check Python code syntax and style conventions
[0.208s] -- Configured 'flake8' exclude dirs and/or files: 
[0.209s] -- Added test 'lint_cmake' to check CMake code style
[0.209s] -- Added test 'pep257' to check Python code against some of the docstring style conventions in PEP 257
[0.210s] -- Added test 'xmllint' to check XML markup files
[0.210s] -- Configuring done (0.2s)
[0.213s] -- Generating done (0.0s)
[0.214s] -- Build files have been written to: /home/nour/robotics_ws/build/robotics_project
[0.217s] Invoked command in '/home/nour/robotics_ws/build/robotics_project' returned '0': CMAKE_PREFIX_PATH=${CMAKE_PREFIX_PATH}:/opt/ros/jazzy /usr/bin/cmake /home/nour/robotics_ws/src/robotics_project -DCMAKE_INSTALL_PREFIX=/home/nour/robotics_ws/install/robotics_project
[0.218s] Invoking command in '/home/nour/robotics_ws/build/robotics_project': CMAKE_PREFIX_PATH=${CMAKE_PREFIX_PATH}:/opt/ros/jazzy /usr/bin/cmake --build /home/nour/robotics_ws/build/robotics_project -- -j24 -l24
[0.242s] Invoked command in '/home/nour/robotics_ws/build/robotics_project' returned '0': CMAKE_PREFIX_PATH=${CMAKE_PREFIX_PATH}:/opt/ros/jazzy /usr/bin/cmake --build /home/nour/robotics_ws/build/robotics_project -- -j24 -l24
[0.249s] Invoking command in '/home/nour/robotics_ws/build/robotics_project': CMAKE_PREFIX_PATH=${CMAKE_PREFIX_PATH}:/opt/ros/jazzy /usr/bin/cmake --install /home/nour/robotics_ws/build/robotics_project
[0.253s] -- Install configuration: ""
[0.254s] -- Execute custom install script
[0.254s] -- Up-to-date symlink: /home/nour/robotics_ws/install/robotics_project/share/robotics_project//launch/gz_display.launch.py
[0.254s] -- Up-to-date symlink: /home/nour/robotics_ws/install/robotics_project/share/robotics_project//launch/gz_rviz_display.launch.py
[0.254s] -- Up-to-date symlink: /home/nour/robotics_ws/install/robotics_project/share/robotics_project//launch/rviz_display.launch.py
[0.254s] -- Up-to-date symlink: /home/nour/robotics_ws/install/robotics_project/share/robotics_project//urdf/arm_assembly.csv
[0.254s] -- Up-to-date symlink: /home/nour/robotics_ws/install/robotics_project/share/robotics_project//urdf/arm_assembly.urdf
[0.254s] -- Up-to-date symlink: /home/nour/robotics_ws/install/robotics_project/share/robotics_project//rviz/config.rviz
[0.255s] -- Up-to-date symlink: /home/nour/robotics_ws/install/robotics_project/share/robotics_project//config/joint_controller.yaml
[0.255s] -- Up-to-date symlink: /home/nour/robotics_ws/install/robotics_project/share/robotics_project//config/joint_names_arm_assembly.yaml
[0.255s] -- Up-to-date symlink: /home/nour/robotics_ws/install/robotics_project/share/robotics_project//meshes/arm_1_link.STL
[0.255s] -- Up-to-date symlink: /home/nour/robotics_ws/install/robotics_project/share/robotics_project//meshes/arrm_2_link.STL
[0.255s] -- Up-to-date symlink: /home/nour/robotics_ws/install/robotics_project/share/robotics_project//meshes/base_link.STL
[0.255s] -- Up-to-date symlink: /home/nour/robotics_ws/install/robotics_project/share/robotics_project//meshes/finger_l_link.STL
[0.255s] -- Up-to-date symlink: /home/nour/robotics_ws/install/robotics_project/share/robotics_project//meshes/finger_l_link_old.STL
[0.255s] -- Up-to-date symlink: /home/nour/robotics_ws/install/robotics_project/share/robotics_project//meshes/finger_r_link.STL
[0.256s] -- Up-to-date symlink: /home/nour/robotics_ws/install/robotics_project/share/robotics_project//meshes/finger_r_link_old.STL
[0.256s] -- Up-to-date symlink: /home/nour/robotics_ws/install/robotics_project/share/robotics_project//meshes/geared_l_link.STL
[0.256s] -- Up-to-date symlink: /home/nour/robotics_ws/install/robotics_project/share/robotics_project//meshes/geared_r_link.STL
[0.256s] -- Up-to-date symlink: /home/nour/robotics_ws/install/robotics_project/share/robotics_project//meshes/shoulder_link.STL
[0.256s] -- Up-to-date symlink: /home/nour/robotics_ws/install/robotics_project/share/robotics_project//meshes/wrist_1_link.STL
[0.256s] -- Up-to-date symlink: /home/nour/robotics_ws/install/robotics_project/share/robotics_project//meshes/wrist_2_link.STL
[0.256s] -- Up-to-date symlink: /home/nour/robotics_ws/install/robotics_project/lib/robotics_project/gripper_command_node.py
[0.256s] -- Up-to-date symlink: /home/nour/robotics_ws/install/robotics_project/share/robotics_project/launch/gz_display.launch.py
[0.256s] -- Up-to-date symlink: /home/nour/robotics_ws/install/robotics_project/share/robotics_project/launch/gz_rviz_display.launch.py
[0.256s] -- Up-to-date symlink: /home/nour/robotics_ws/install/robotics_project/share/robotics_project/launch/rviz_display.launch.py
[0.256s] -- Up-to-date symlink: /home/nour/robotics_ws/install/robotics_project/share/robotics_project/config/joint_controller.yaml
[0.256s] -- Up-to-date symlink: /home/nour/robotics_ws/install/robotics_project/share/robotics_project/config/joint_names_arm_assembly.yaml
[0.257s] -- Up-to-date symlink: /home/nour/robotics_ws/install/robotics_project/share/robotics_project/urdf/arm_assembly.csv
[0.257s] -- Up-to-date symlink: /home/nour/robotics_ws/install/robotics_project/share/robotics_project/urdf/arm_assembly.urdf
[0.257s] -- Up-to-date symlink: /home/nour/robotics_ws/install/robotics_project/share/robotics_project/meshes/arm_1_link.STL
[0.257s] -- Up-to-date symlink: /home/nour/robotics_ws/install/robotics_project/share/robotics_project/meshes/arrm_2_link.STL
[0.257s] -- Up-to-date symlink: /home/nour/robotics_ws/install/robotics_project/share/robotics_project/meshes/base_link.STL
[0.257s] -- Up-to-date symlink: /home/nour/robotics_ws/install/robotics_project/share/robotics_project/meshes/finger_l_link.STL
[0.257s] -- Up-to-date symlink: /home/nour/robotics_ws/install/robotics_project/share/robotics_project/meshes/finger_l_link_old.STL
[0.257s] -- Up-to-date symlink: /home/nour/robotics_ws/install/robotics_project/share/robotics_project/meshes/finger_r_link.STL
[0.257s] -- Up-to-date symlink: /home/nour/robotics_ws/install/robotics_project/share/robotics_project/meshes/finger_r_link_old.STL
[0.257s] -- Up-to-date symlink: /home/nour/robotics_ws/install/robotics_project/share/robotics_project/meshes/geared_l_link.STL
[0.258s] -- Up-to-date symlink: /home/nour/robotics_ws/install/robotics_project/share/robotics_project/meshes/geared_r_link.STL
[0.258s] -- Up-to-date symlink: /home/nour/robotics_ws/install/robotics_project/share/robotics_project/meshes/shoulder_link.STL
[0.258s] -- Up-to-date symlink: /home/nour/robotics_ws/install/robotics_project/share/robotics_project/meshes/wrist_1_link.STL
[0.259s] [31mCMake Error at ament_cmake_symlink_install/ament_cmake_symlink_install.cmake:105 (message):
[0.259s]   ament_cmake_symlink_install_directory() can't find
[0.259s]   '/home/nour/robotics_ws/src/robotics_project/worlds'
[0.260s] Call Stack (most recent call first):
[0.260s]   ament_cmake_symlink_install/ament_cmake_symlink_install.cmake:325 (ament_cmake_symlink_install_directory)
[0.260s]   cmake_install.cmake:46 (include)
[0.260s] 
[0.261s] [0m
[0.261s] -- Up-to-date symlink: /home/nour/robotics_ws/install/robotics_project/share/robotics_project/meshes/wrist_2_link.STL
[0.261s] Invoked command in '/home/nour/robotics_ws/build/robotics_project' returned '1': CMAKE_PREFIX_PATH=${CMAKE_PREFIX_PATH}:/opt/ros/jazzy /usr/bin/cmake --install /home/nour/robotics_ws/build/robotics_project
