[0.014s] Invoking command in '/home/nour/robotics_ws/build/robotics_project': CMAKE_PREFIX_PATH=${CMAKE_PREFIX_PATH}:/opt/ros/jazzy /usr/bin/cmake --build /home/nour/robotics_ws/build/robotics_project -- -j24 -l24
[0.082s] Invoked command in '/home/nour/robotics_ws/build/robotics_project' returned '0': CMAKE_PREFIX_PATH=${CMAKE_PREFIX_PATH}:/opt/ros/jazzy /usr/bin/cmake --build /home/nour/robotics_ws/build/robotics_project -- -j24 -l24
[0.090s] Invoking command in '/home/nour/robotics_ws/build/robotics_project': CMAKE_PREFIX_PATH=${CMAKE_PREFIX_PATH}:/opt/ros/jazzy /usr/bin/cmake --install /home/nour/robotics_ws/build/robotics_project
[0.094s] -- Install configuration: ""
[0.095s] -- Execute custom install script
[0.096s] -- Up-to-date symlink: /home/nour/robotics_ws/install/robotics_project/share/robotics_project//launch/gz_display.launch.py
[0.097s] -- Up-to-date symlink: /home/nour/robotics_ws/install/robotics_project/share/robotics_project//launch/gz_rviz_display.launch.py
[0.097s] -- Up-to-date symlink: /home/nour/robotics_ws/install/robotics_project/share/robotics_project//launch/rviz_display.launch.py
[0.097s] -- Up-to-date symlink: /home/nour/robotics_ws/install/robotics_project/share/robotics_project//urdf/arm_assembly.csv
[0.098s] -- Up-to-date symlink: /home/nour/robotics_ws/install/robotics_project/share/robotics_project//urdf/arm_assembly.urdf
[0.098s] -- Up-to-date symlink: /home/nour/robotics_ws/install/robotics_project/share/robotics_project//rviz/config.rviz
[0.098s] -- Up-to-date symlink: /home/nour/robotics_ws/install/robotics_project/share/robotics_project//config/joint_controller.yaml
[0.099s] -- Up-to-date symlink: /home/nour/robotics_ws/install/robotics_project/share/robotics_project//config/joint_names_arm_assembly.yaml
[0.099s] -- Up-to-date symlink: /home/nour/robotics_ws/install/robotics_project/share/robotics_project//meshes/arm_1_link.STL
[0.100s] -- Up-to-date symlink: /home/nour/robotics_ws/install/robotics_project/share/robotics_project//meshes/arrm_2_link.STL
[0.101s] -- Up-to-date symlink: /home/nour/robotics_ws/install/robotics_project/share/robotics_project//meshes/base_link.STL
[0.101s] -- Up-to-date symlink: /home/nour/robotics_ws/install/robotics_project/share/robotics_project//meshes/finger_l_link.STL
[0.101s] -- Up-to-date symlink: /home/nour/robotics_ws/install/robotics_project/share/robotics_project//meshes/finger_l_link_old.STL
[0.102s] -- Up-to-date symlink: /home/nour/robotics_ws/install/robotics_project/share/robotics_project//meshes/finger_r_link.STL
[0.102s] -- Up-to-date symlink: /home/nour/robotics_ws/install/robotics_project/share/robotics_project//meshes/finger_r_link_old.STL
[0.102s] -- Up-to-date symlink: /home/nour/robotics_ws/install/robotics_project/share/robotics_project//meshes/geared_l_link.STL
[0.102s] -- Up-to-date symlink: /home/nour/robotics_ws/install/robotics_project/share/robotics_project//meshes/geared_r_link.STL
[0.103s] -- Up-to-date symlink: /home/nour/robotics_ws/install/robotics_project/share/robotics_project//meshes/shoulder_link.STL
[0.103s] -- Up-to-date symlink: /home/nour/robotics_ws/install/robotics_project/share/robotics_project//meshes/wrist_1_link.STL
[0.103s] -- Up-to-date symlink: /home/nour/robotics_ws/install/robotics_project/share/robotics_project//meshes/wrist_2_link.STL
[0.103s] -- Up-to-date symlink: /home/nour/robotics_ws/install/robotics_project/lib/robotics_project/gripper_command_node.py
[0.104s] -- Up-to-date symlink: /home/nour/robotics_ws/install/robotics_project/share/robotics_project/launch/gz_display.launch.py
[0.105s] -- Up-to-date symlink: /home/nour/robotics_ws/install/robotics_project/share/robotics_project/launch/gz_rviz_display.launch.py
[0.105s] -- Up-to-date symlink: /home/nour/robotics_ws/install/robotics_project/share/robotics_project/launch/rviz_display.launch.py
[0.105s] -- Up-to-date symlink: /home/nour/robotics_ws/install/robotics_project/share/ament_index/resource_index/package_run_dependencies/robotics_project
[0.105s] -- Up-to-date symlink: /home/nour/robotics_ws/install/robotics_project/share/ament_index/resource_index/parent_prefix_path/robotics_project
[0.105s] -- Up-to-date symlink: /home/nour/robotics_ws/install/robotics_project/share/robotics_project/environment/ament_prefix_path.sh
[0.106s] -- Up-to-date symlink: /home/nour/robotics_ws/install/robotics_project/share/robotics_project/environment/ament_prefix_path.dsv
[0.106s] -- Up-to-date symlink: /home/nour/robotics_ws/install/robotics_project/share/robotics_project/environment/path.sh
[0.106s] -- Up-to-date symlink: /home/nour/robotics_ws/install/robotics_project/share/robotics_project/environment/path.dsv
[0.106s] -- Up-to-date symlink: /home/nour/robotics_ws/install/robotics_project/share/robotics_project/local_setup.bash
[0.107s] -- Up-to-date symlink: /home/nour/robotics_ws/install/robotics_project/share/robotics_project/local_setup.sh
[0.107s] -- Up-to-date symlink: /home/nour/robotics_ws/install/robotics_project/share/robotics_project/local_setup.zsh
[0.107s] -- Up-to-date symlink: /home/nour/robotics_ws/install/robotics_project/share/robotics_project/local_setup.dsv
[0.107s] -- Symlinking: /home/nour/robotics_ws/install/robotics_project/share/robotics_project/package.dsv
[0.114s] -- Up-to-date symlink: /home/nour/robotics_ws/install/robotics_project/share/ament_index/resource_index/packages/robotics_project
[0.115s] -- Up-to-date symlink: /home/nour/robotics_ws/install/robotics_project/share/robotics_project/cmake/robotics_projectConfig.cmake
[0.115s] -- Up-to-date symlink: /home/nour/robotics_ws/install/robotics_project/share/robotics_project/cmake/robotics_projectConfig-version.cmake
[0.115s] -- Up-to-date symlink: /home/nour/robotics_ws/install/robotics_project/share/robotics_project/package.xml
[0.116s] Invoked command in '/home/nour/robotics_ws/build/robotics_project' returned '0': CMAKE_PREFIX_PATH=${CMAKE_PREFIX_PATH}:/opt/ros/jazzy /usr/bin/cmake --install /home/nour/robotics_ws/build/robotics_project
