[0.008s] Invoking command in '/home/nour/robotics_ws/build/robotics_project': CMAKE_PREFIX_PATH=${CMAKE_PREFIX_PATH}:/opt/ros/jazzy /usr/bin/cmake --build /home/nour/robotics_ws/build/robotics_project -- -j24 -l24
[0.024s] -- Found ament_cmake: 2.5.6 (/opt/ros/jazzy/share/ament_cmake/cmake)
[0.158s] -- Override CMake install command with custom implementation using symlinks instead of copying resources
[0.163s] -- Found ament_lint_auto: 0.17.5 (/opt/ros/jazzy/share/ament_lint_auto/cmake)
[0.221s] -- Added test 'flake8' to check Python code syntax and style conventions
[0.221s] -- Configured 'flake8' exclude dirs and/or files: 
[0.222s] -- Added test 'lint_cmake' to check CMake code style
[0.222s] -- Added test 'pep257' to check Python code against some of the docstring style conventions in PEP 257
[0.222s] -- Added test 'xmllint' to check XML markup files
[0.223s] -- Configuring done (0.2s)
[0.225s] -- Generating done (0.0s)
[0.227s] -- Build files have been written to: /home/nour/robotics_ws/build/robotics_project
[0.241s] Invoked command in '/home/nour/robotics_ws/build/robotics_project' returned '0': CMAKE_PREFIX_PATH=${CMAKE_PREFIX_PATH}:/opt/ros/jazzy /usr/bin/cmake --build /home/nour/robotics_ws/build/robotics_project -- -j24 -l24
[0.247s] Invoking command in '/home/nour/robotics_ws/build/robotics_project': CMAKE_PREFIX_PATH=${CMAKE_PREFIX_PATH}:/opt/ros/jazzy /usr/bin/cmake --install /home/nour/robotics_ws/build/robotics_project
[0.252s] -- Install configuration: ""
[0.252s] -- Execute custom install script
[0.253s] -- Up-to-date symlink: /home/nour/robotics_ws/install/robotics_project/share/robotics_project//launch/gz_display.launch.py
[0.253s] -- Up-to-date symlink: /home/nour/robotics_ws/install/robotics_project/share/robotics_project//launch/gz_rviz_display.launch.py
[0.253s] -- Up-to-date symlink: /home/nour/robotics_ws/install/robotics_project/share/robotics_project//launch/rviz_display.launch.py
[0.253s] -- Up-to-date symlink: /home/nour/robotics_ws/install/robotics_project/share/robotics_project//urdf/arm_assembly.csv
[0.254s] -- Up-to-date symlink: /home/nour/robotics_ws/install/robotics_project/share/robotics_project//urdf/arm_assembly.urdf
[0.254s] -- Up-to-date symlink: /home/nour/robotics_ws/install/robotics_project/share/robotics_project//rviz/config.rviz
[0.254s] -- Up-to-date symlink: /home/nour/robotics_ws/install/robotics_project/share/robotics_project//config/joint_controller.yaml
[0.254s] -- Up-to-date symlink: /home/nour/robotics_ws/install/robotics_project/share/robotics_project//config/joint_names_arm_assembly.yaml
[0.254s] -- Up-to-date symlink: /home/nour/robotics_ws/install/robotics_project/share/robotics_project//meshes/arm_1_link.STL
[0.254s] -- Up-to-date symlink: /home/nour/robotics_ws/install/robotics_project/share/robotics_project//meshes/arrm_2_link.STL
[0.254s] -- Up-to-date symlink: /home/nour/robotics_ws/install/robotics_project/share/robotics_project//meshes/base_link.STL
[0.254s] -- Up-to-date symlink: /home/nour/robotics_ws/install/robotics_project/share/robotics_project//meshes/finger_l_link.STL
[0.254s] -- Up-to-date symlink: /home/nour/robotics_ws/install/robotics_project/share/robotics_project//meshes/finger_l_link_old.STL
[0.254s] -- Up-to-date symlink: /home/nour/robotics_ws/install/robotics_project/share/robotics_project//meshes/finger_r_link.STL
[0.254s] -- Up-to-date symlink: /home/nour/robotics_ws/install/robotics_project/share/robotics_project//meshes/finger_r_link_old.STL
[0.255s] -- Up-to-date symlink: /home/nour/robotics_ws/install/robotics_project/share/robotics_project//meshes/geared_l_link.STL
[0.255s] -- Up-to-date symlink: /home/nour/robotics_ws/install/robotics_project/share/robotics_project//meshes/geared_r_link.STL
[0.255s] -- Up-to-date symlink: /home/nour/robotics_ws/install/robotics_project/share/robotics_project//meshes/shoulder_link.STL
[0.255s] -- Up-to-date symlink: /home/nour/robotics_ws/install/robotics_project/share/robotics_project//meshes/wrist_1_link.STL
[0.255s] -- Up-to-date symlink: /home/nour/robotics_ws/install/robotics_project/share/robotics_project//meshes/wrist_2_link.STL
[0.255s] -- Up-to-date symlink: /home/nour/robotics_ws/install/robotics_project/lib/robotics_project/gripper_command_node.py
[0.255s] -- Up-to-date symlink: /home/nour/robotics_ws/install/robotics_project/share/robotics_project/launch/gz_display.launch.py
[0.255s] -- Up-to-date symlink: /home/nour/robotics_ws/install/robotics_project/share/robotics_project/launch/gz_rviz_display.launch.py
[0.255s] -- Up-to-date symlink: /home/nour/robotics_ws/install/robotics_project/share/robotics_project/launch/rviz_display.launch.py
[0.255s] -- Up-to-date symlink: /home/nour/robotics_ws/install/robotics_project/share/ament_index/resource_index/package_run_dependencies/robotics_project
[0.255s] -- Up-to-date symlink: /home/nour/robotics_ws/install/robotics_project/share/ament_index/resource_index/parent_prefix_path/robotics_project
[0.255s] -- Up-to-date symlink: /home/nour/robotics_ws/install/robotics_project/share/robotics_project/environment/ament_prefix_path.sh
[0.255s] -- Up-to-date symlink: /home/nour/robotics_ws/install/robotics_project/share/robotics_project/environment/ament_prefix_path.dsv
[0.256s] -- Up-to-date symlink: /home/nour/robotics_ws/install/robotics_project/share/robotics_project/environment/path.sh
[0.256s] -- Up-to-date symlink: /home/nour/robotics_ws/install/robotics_project/share/robotics_project/environment/path.dsv
[0.256s] -- Up-to-date symlink: /home/nour/robotics_ws/install/robotics_project/share/robotics_project/local_setup.bash
[0.256s] -- Up-to-date symlink: /home/nour/robotics_ws/install/robotics_project/share/robotics_project/local_setup.sh
[0.256s] -- Up-to-date symlink: /home/nour/robotics_ws/install/robotics_project/share/robotics_project/local_setup.zsh
[0.256s] -- Up-to-date symlink: /home/nour/robotics_ws/install/robotics_project/share/robotics_project/local_setup.dsv
[0.256s] -- Symlinking: /home/nour/robotics_ws/install/robotics_project/share/robotics_project/package.dsv
[0.263s] -- Up-to-date symlink: /home/nour/robotics_ws/install/robotics_project/share/ament_index/resource_index/packages/robotics_project
[0.263s] -- Up-to-date symlink: /home/nour/robotics_ws/install/robotics_project/share/robotics_project/cmake/robotics_projectConfig.cmake
[0.263s] -- Up-to-date symlink: /home/nour/robotics_ws/install/robotics_project/share/robotics_project/cmake/robotics_projectConfig-version.cmake
[0.263s] -- Up-to-date symlink: /home/nour/robotics_ws/install/robotics_project/share/robotics_project/package.xml
[0.265s] Invoked command in '/home/nour/robotics_ws/build/robotics_project' returned '0': CMAKE_PREFIX_PATH=${CMAKE_PREFIX_PATH}:/opt/ros/jazzy /usr/bin/cmake --install /home/nour/robotics_ws/build/robotics_project
