[0.028s] Invoking command in '/home/nour/robotics_ws/build/robotics_project': CMAKE_PREFIX_PATH=${CMAKE_PREFIX_PATH}:/opt/ros/jazzy /usr/bin/cmake /home/nour/robotics_ws/src/robotics_project -DCMAKE_INSTALL_PREFIX=/home/nour/robotics_ws/install/robotics_project
[0.674s] -- The C compiler identification is GNU 13.3.0
[2.587s] -- The CXX compiler identification is GNU 13.3.0
[4.132s] -- Detecting C compiler ABI info
[4.720s] -- Detecting C compiler ABI info - done
[4.728s] -- Check for working C compiler: /usr/bin/cc - skipped
[4.729s] -- Detecting C compile features
[4.730s] -- Detecting C compile features - done
[4.964s] -- Detecting CXX compiler ABI info
[5.501s] -- Detecting CXX compiler ABI info - done
[5.508s] -- Check for working CXX compiler: /usr/bin/c++ - skipped
[5.508s] -- Detecting CXX compile features
[5.509s] -- Detecting CXX compile features - done
[5.552s] -- Found ament_cmake: 2.5.5 (/opt/ros/jazzy/share/ament_cmake/cmake)
[5.704s] -- Found Python3: /usr/bin/python3 (found version "3.12.3") found components: Interpreter 
[5.868s] -- Found ament_lint_auto: 0.17.4 (/opt/ros/jazzy/share/ament_lint_auto/cmake)
[5.992s] -- Added test 'flake8' to check Python code syntax and style conventions
[5.992s] -- Configured 'flake8' exclude dirs and/or files: 
[5.993s] -- Added test 'lint_cmake' to check CMake code style
[5.995s] -- Added test 'pep257' to check Python code against some of the docstring style conventions in PEP 257
[5.998s] -- Added test 'xmllint' to check XML markup files
[6.002s] -- Configuring done (5.9s)
[6.005s] -- Generating done (0.0s)
[6.008s] -- Build files have been written to: /home/nour/robotics_ws/build/robotics_project
[6.013s] Invoked command in '/home/nour/robotics_ws/build/robotics_project' returned '0': CMAKE_PREFIX_PATH=${CMAKE_PREFIX_PATH}:/opt/ros/jazzy /usr/bin/cmake /home/nour/robotics_ws/src/robotics_project -DCMAKE_INSTALL_PREFIX=/home/nour/robotics_ws/install/robotics_project
[6.014s] Invoking command in '/home/nour/robotics_ws/build/robotics_project': CMAKE_PREFIX_PATH=${CMAKE_PREFIX_PATH}:/opt/ros/jazzy /usr/bin/cmake --build /home/nour/robotics_ws/build/robotics_project -- -j24 -l24
[6.052s] Invoked command in '/home/nour/robotics_ws/build/robotics_project' returned '0': CMAKE_PREFIX_PATH=${CMAKE_PREFIX_PATH}:/opt/ros/jazzy /usr/bin/cmake --build /home/nour/robotics_ws/build/robotics_project -- -j24 -l24
[6.062s] Invoking command in '/home/nour/robotics_ws/build/robotics_project': CMAKE_PREFIX_PATH=${CMAKE_PREFIX_PATH}:/opt/ros/jazzy /usr/bin/cmake --install /home/nour/robotics_ws/build/robotics_project
[6.069s] -- Install configuration: ""
[6.070s] -- Installing: /home/nour/robotics_ws/install/robotics_project/share/robotics_project//launch
[6.070s] -- Installing: /home/nour/robotics_ws/install/robotics_project/share/robotics_project//launch/gz_rviz_display.launch.py
[6.072s] -- Installing: /home/nour/robotics_ws/install/robotics_project/share/robotics_project//urdf
[6.072s] -- Installing: /home/nour/robotics_ws/install/robotics_project/share/robotics_project//urdf/arm_assembly.urdf
[6.073s] -- Installing: /home/nour/robotics_ws/install/robotics_project/share/robotics_project//urdf/arm_assembly.csv
[6.073s] -- Installing: /home/nour/robotics_ws/install/robotics_project/share/robotics_project//rviz
[6.074s] -- Installing: /home/nour/robotics_ws/install/robotics_project/share/robotics_project//rviz/config.rviz
[6.074s] -- Installing: /home/nour/robotics_ws/install/robotics_project/share/robotics_project//config
[6.074s] -- Installing: /home/nour/robotics_ws/install/robotics_project/share/robotics_project//config/joint_names_arm_assembly.yaml
[6.075s] -- Installing: /home/nour/robotics_ws/install/robotics_project/share/robotics_project//config/joint_controller.yaml
[6.075s] -- Installing: /home/nour/robotics_ws/install/robotics_project/share/robotics_project//meshes
[6.076s] -- Installing: /home/nour/robotics_ws/install/robotics_project/share/robotics_project//meshes/geared_r_link.STL
[6.077s] -- Installing: /home/nour/robotics_ws/install/robotics_project/share/robotics_project//meshes/wrist_2_link.STL
[6.080s] -- Installing: /home/nour/robotics_ws/install/robotics_project/share/robotics_project//meshes/wrist_1_link.STL
[6.081s] -- Installing: /home/nour/robotics_ws/install/robotics_project/share/robotics_project//meshes/base_link.STL
[6.083s] -- Installing: /home/nour/robotics_ws/install/robotics_project/share/robotics_project//meshes/finger_l_link_old.STL
[6.084s] -- Installing: /home/nour/robotics_ws/install/robotics_project/share/robotics_project//meshes/finger_r_link_old.STL
[6.084s] -- Installing: /home/nour/robotics_ws/install/robotics_project/share/robotics_project//meshes/arrm_2_link.STL
[6.086s] -- Installing: /home/nour/robotics_ws/install/robotics_project/share/robotics_project//meshes/shoulder_link.STL
[6.089s] -- Installing: /home/nour/robotics_ws/install/robotics_project/share/robotics_project//meshes/geared_l_link.STL
[6.090s] -- Installing: /home/nour/robotics_ws/install/robotics_project/share/robotics_project//meshes/finger_l_link.STL
[6.090s] -- Installing: /home/nour/robotics_ws/install/robotics_project/share/robotics_project//meshes/arm_1_link.STL
[6.092s] -- Installing: /home/nour/robotics_ws/install/robotics_project/share/robotics_project//meshes/finger_r_link.STL
[6.093s] -- Installing: /home/nour/robotics_ws/install/robotics_project/lib/robotics_project/gripper_command_node.py
[6.095s] -- Installing: /home/nour/robotics_ws/install/robotics_project/share/ament_index/resource_index/package_run_dependencies/robotics_project
[6.095s] -- Installing: /home/nour/robotics_ws/install/robotics_project/share/ament_index/resource_index/parent_prefix_path/robotics_project
[6.095s] -- Installing: /home/nour/robotics_ws/install/robotics_project/share/robotics_project/environment/ament_prefix_path.sh
[6.096s] -- Installing: /home/nour/robotics_ws/install/robotics_project/share/robotics_project/environment/ament_prefix_path.dsv
[6.096s] -- Installing: /home/nour/robotics_ws/install/robotics_project/share/robotics_project/environment/path.sh
[6.097s] -- Installing: /home/nour/robotics_ws/install/robotics_project/share/robotics_project/environment/path.dsv
[6.097s] -- Installing: /home/nour/robotics_ws/install/robotics_project/share/robotics_project/local_setup.bash
[6.097s] -- Installing: /home/nour/robotics_ws/install/robotics_project/share/robotics_project/local_setup.sh
[6.097s] -- Installing: /home/nour/robotics_ws/install/robotics_project/share/robotics_project/local_setup.zsh
[6.097s] -- Installing: /home/nour/robotics_ws/install/robotics_project/share/robotics_project/local_setup.dsv
[6.097s] -- Installing: /home/nour/robotics_ws/install/robotics_project/share/robotics_project/package.dsv
[6.097s] -- Installing: /home/nour/robotics_ws/install/robotics_project/share/ament_index/resource_index/packages/robotics_project
[6.099s] -- Installing: /home/nour/robotics_ws/install/robotics_project/share/robotics_project/cmake/robotics_projectConfig.cmake
[6.099s] -- Installing: /home/nour/robotics_ws/install/robotics_project/share/robotics_project/cmake/robotics_projectConfig-version.cmake
[6.099s] -- Installing: /home/nour/robotics_ws/install/robotics_project/share/robotics_project/package.xml
[6.101s] Invoked command in '/home/nour/robotics_ws/build/robotics_project' returned '0': CMAKE_PREFIX_PATH=${CMAKE_PREFIX_PATH}:/opt/ros/jazzy /usr/bin/cmake --install /home/nour/robotics_ws/build/robotics_project
