[0.015s] Invoking command in '/home/nour/robotics_ws/build/robotics_project': CMAKE_PREFIX_PATH=${CMAKE_PREFIX_PATH}:/opt/ros/jazzy /usr/bin/cmake --build /home/nour/robotics_ws/build/robotics_project -- -j24 -l24
[0.078s] -- Found ament_cmake: 2.5.6 (/opt/ros/jazzy/share/ament_cmake/cmake)
[0.220s] -- Override CMake install command with custom implementation using symlinks instead of copying resources
[0.237s] -- Found ament_lint_auto: 0.17.5 (/opt/ros/jazzy/share/ament_lint_auto/cmake)
[0.306s] -- Added test 'flake8' to check Python code syntax and style conventions
[0.306s] -- Configured 'flake8' exclude dirs and/or files: 
[0.306s] -- Added test 'lint_cmake' to check CMake code style
[0.307s] -- Added test 'pep257' to check Python code against some of the docstring style conventions in PEP 257
[0.308s] -- Added test 'xmllint' to check XML markup files
[0.310s] -- Configuring done (0.2s)
[0.318s] -- Generating done (0.0s)
[0.320s] -- Build files have been written to: /home/nour/robotics_ws/build/robotics_project
[0.338s] Invoked command in '/home/nour/robotics_ws/build/robotics_project' returned '0': CMAKE_PREFIX_PATH=${CMAKE_PREFIX_PATH}:/opt/ros/jazzy /usr/bin/cmake --build /home/nour/robotics_ws/build/robotics_project -- -j24 -l24
[0.345s] Invoking command in '/home/nour/robotics_ws/build/robotics_project': CMAKE_PREFIX_PATH=${CMAKE_PREFIX_PATH}:/opt/ros/jazzy /usr/bin/cmake --install /home/nour/robotics_ws/build/robotics_project
[0.349s] -- Install configuration: ""
[0.350s] -- Execute custom install script
[0.350s] -- Symlinking: /home/nour/robotics_ws/install/robotics_project/share/robotics_project//launch/gz_display.launch.py
[0.357s] -- Up-to-date symlink: /home/nour/robotics_ws/install/robotics_project/share/robotics_project//launch/gz_rviz_display.launch.py
[0.357s] -- Symlinking: /home/nour/robotics_ws/install/robotics_project/share/robotics_project//launch/rviz_display.launch.py
[0.364s] -- Up-to-date symlink: /home/nour/robotics_ws/install/robotics_project/share/robotics_project//urdf/arm_assembly.csv
[0.364s] -- Up-to-date symlink: /home/nour/robotics_ws/install/robotics_project/share/robotics_project//urdf/arm_assembly.urdf
[0.364s] -- Up-to-date symlink: /home/nour/robotics_ws/install/robotics_project/share/robotics_project//rviz/config.rviz
[0.365s] -- Up-to-date symlink: /home/nour/robotics_ws/install/robotics_project/share/robotics_project//config/joint_controller.yaml
[0.365s] -- Up-to-date symlink: /home/nour/robotics_ws/install/robotics_project/share/robotics_project//config/joint_names_arm_assembly.yaml
[0.366s] -- Up-to-date symlink: /home/nour/robotics_ws/install/robotics_project/share/robotics_project//meshes/arm_1_link.STL
[0.366s] -- Up-to-date symlink: /home/nour/robotics_ws/install/robotics_project/share/robotics_project//meshes/arrm_2_link.STL
[0.366s] -- Up-to-date symlink: /home/nour/robotics_ws/install/robotics_project/share/robotics_project//meshes/base_link.STL
[0.367s] -- Up-to-date symlink: /home/nour/robotics_ws/install/robotics_project/share/robotics_project//meshes/finger_l_link.STL
[0.367s] -- Up-to-date symlink: /home/nour/robotics_ws/install/robotics_project/share/robotics_project//meshes/finger_l_link_old.STL
[0.367s] -- Up-to-date symlink: /home/nour/robotics_ws/install/robotics_project/share/robotics_project//meshes/finger_r_link.STL
[0.368s] -- Up-to-date symlink: /home/nour/robotics_ws/install/robotics_project/share/robotics_project//meshes/finger_r_link_old.STL
[0.368s] -- Up-to-date symlink: /home/nour/robotics_ws/install/robotics_project/share/robotics_project//meshes/geared_l_link.STL
[0.368s] -- Up-to-date symlink: /home/nour/robotics_ws/install/robotics_project/share/robotics_project//meshes/geared_r_link.STL
[0.369s] -- Up-to-date symlink: /home/nour/robotics_ws/install/robotics_project/share/robotics_project//meshes/shoulder_link.STL
[0.369s] -- Up-to-date symlink: /home/nour/robotics_ws/install/robotics_project/share/robotics_project//meshes/wrist_1_link.STL
[0.369s] -- Up-to-date symlink: /home/nour/robotics_ws/install/robotics_project/share/robotics_project//meshes/wrist_2_link.STL
[0.370s] -- Up-to-date symlink: /home/nour/robotics_ws/install/robotics_project/lib/robotics_project/gripper_command_node.py
[0.370s] -- Up-to-date symlink: /home/nour/robotics_ws/install/robotics_project/share/robotics_project/launch/gz_display.launch.py
[0.370s] -- Up-to-date symlink: /home/nour/robotics_ws/install/robotics_project/share/robotics_project/launch/gz_rviz_display.launch.py
[0.370s] -- Up-to-date symlink: /home/nour/robotics_ws/install/robotics_project/share/robotics_project/launch/rviz_display.launch.py
[0.370s] -- Up-to-date symlink: /home/nour/robotics_ws/install/robotics_project/share/robotics_project/config/joint_controller.yaml
[0.370s] -- Up-to-date symlink: /home/nour/robotics_ws/install/robotics_project/share/robotics_project/config/joint_names_arm_assembly.yaml
[0.371s] -- Up-to-date symlink: /home/nour/robotics_ws/install/robotics_project/share/robotics_project/urdf/arm_assembly.csv
[0.371s] -- Up-to-date symlink: /home/nour/robotics_ws/install/robotics_project/share/robotics_project/urdf/arm_assembly.urdf
[0.371s] -- Up-to-date symlink: /home/nour/robotics_ws/install/robotics_project/share/robotics_project/meshes/arm_1_link.STL
[0.371s] -- Up-to-date symlink: /home/nour/robotics_ws/install/robotics_project/share/robotics_project/meshes/arrm_2_link.STL
[0.371s] -- Up-to-date symlink: /home/nour/robotics_ws/install/robotics_project/share/robotics_project/meshes/base_link.STL
[0.371s] -- Up-to-date symlink: /home/nour/robotics_ws/install/robotics_project/share/robotics_project/meshes/finger_l_link.STL
[0.371s] -- Up-to-date symlink: /home/nour/robotics_ws/install/robotics_project/share/robotics_project/meshes/finger_l_link_old.STL
[0.371s] -- Up-to-date symlink: /home/nour/robotics_ws/install/robotics_project/share/robotics_project/meshes/finger_r_link.STL
[0.371s] -- Up-to-date symlink: /home/nour/robotics_ws/install/robotics_project/share/robotics_project/meshes/finger_r_link_old.STL
[0.372s] -- Up-to-date symlink: /home/nour/robotics_ws/install/robotics_project/share/robotics_project/meshes/geared_l_link.STL
[0.372s] -- Up-to-date symlink: /home/nour/robotics_ws/install/robotics_project/share/robotics_project/meshes/geared_r_link.STL
[0.372s] -- Up-to-date symlink: /home/nour/robotics_ws/install/robotics_project/share/robotics_project/meshes/shoulder_link.STL
[0.372s] -- Up-to-date symlink: /home/nour/robotics_ws/install/robotics_project/share/robotics_project/meshes/wrist_1_link.STL
[0.372s] -- Up-to-date symlink: /home/nour/robotics_ws/install/robotics_project/share/robotics_project/meshes/wrist_2_link.STL
[0.372s] [31mCMake Error at ament_cmake_symlink_install/ament_cmake_symlink_install.cmake:105 (message):
[0.372s]   ament_cmake_symlink_install_directory() can't find
[0.372s]   '/home/nour/robotics_ws/src/robotics_project/worlds'
[0.372s] Call Stack (most recent call first):
[0.372s]   ament_cmake_symlink_install/ament_cmake_symlink_install.cmake:325 (ament_cmake_symlink_install_directory)
[0.372s]   cmake_install.cmake:46 (include)
[0.372s] 
[0.372s] [0m
[0.373s] Invoked command in '/home/nour/robotics_ws/build/robotics_project' returned '1': CMAKE_PREFIX_PATH=${CMAKE_PREFIX_PATH}:/opt/ros/jazzy /usr/bin/cmake --install /home/nour/robotics_ws/build/robotics_project
